<?xml version="1.0" encoding="UTF-8"?>
<!-- Generated by org.testng.reporters.JUnitXMLReporter -->
<testsuite hostname="LAPTOP-1GO1DFJH" ignored="0" name="Test" tests="3" failures="0" timestamp="16 Jul 2017 17:28:49 GMT" time="60.028" errors="0">
  <testcase name="s101SearchHomePageTest" time="16.918" classname="suite.sanity.s101SearchHomePage"/>
  <testcase name="s102SearchForAProductTest" time="12.898" classname="suite.sanity.s102SearchForAProduct"/>
  <testcase name="s103EnterPDPPageTest" time="19.637" classname="suite.sanity.s103EnterPDPPage"/>
</testsuite> <!-- Test -->
